LY = B:
1.0000 0.0000 0.0000 9.0000
0.3333 1.0000 0.0000 3.0000
1.3333 1.6000 1.0000 -2.0000
solved Y:
1.0000 0.0000 0.0000 9.0000
0.0000 1.0000 0.0000 0.0000
0.0000 0.0000 1.0000 -14.0000
UX = Y:
3.0000 -4.0000 1.0000 9.0000
0.0000 3.3333 1.6667 0.0000
0.0000 0.0000 -7.0000 -14.0000
solved X:
1.0000 0.0000 0.0000 1.0000
0.0000 1.0000 0.0000 -1.0000
0.0000 0.0000 1.0000 2.0000
---
LY = B:
1.0000 0.0000 0.0000 -2.0000
0.7500 1.0000 0.0000 9.0000
0.2500 -0.5000 1.0000 3.0000
solved Y:
1.0000 0.0000 0.0000 -2.0000
0.0000 1.0000 0.0000 10.5000
0.0000 0.0000 1.0000 8.7500
UX = Y:
4.0000 0.0000 -3.0000 -2.0000
0.0000 -4.0000 3.2500 10.5000
0.0000 0.0000 4.3750 8.7500
solved X:
1.0000 0.0000 0.0000 1.0000
0.0000 1.0000 0.0000 -1.0000
0.0000 0.0000 1.0000 2.0000
---
