L:
1.0000 0.0000 0.0000
1.5000 1.0000 0.0000
1.5000 1.0000 1.0000
U:
2.0000 -1.0000 1.0000
0.0000 4.5000 7.5000
0.0000 0.0000 -4.0000
---
L:
1.0000 0.0000 0.0000 0.0000
-1.8492 1.0000 0.0000 0.0000
-0.4596 -0.2501 1.0000 0.0000
2.7687 -0.3079 -5.3523 1.0000
U:
2.1756 4.0231 -2.1732 5.1967
0.0000 13.4395 -4.0187 10.8070
0.0000 0.0000 -0.8930 5.0917
0.0000 0.0000 0.0000 12.0361
---
L:
1.0000 0.0000 0.0000
0.3333 1.0000 0.0000
0.6667 1.1429 1.0000
U:
3.0000 1.0000 4.0000
0.0000 4.6667 7.6667
0.0000 0.0000 -6.4286
---
L:
1.0000 0.0000 0.0000
2.0000 1.0000 0.0000
3.0000 3.5000 1.0000
U:
1.0000 5.0000 9.0000
0.0000 -4.0000 -13.0000
0.0000 0.0000 22.5000
---
L:
1.0000 0.0000 0.0000
0.3333 1.0000 0.0000
1.3333 1.6000 1.0000
U:
3.0000 -4.0000 1.0000
0.0000 3.3333 1.6667
0.0000 0.0000 -7.0000
---
L:
1.0000 0.0000 0.0000
0.7500 1.0000 0.0000
0.2500 -0.5000 1.0000
U:
4.0000 0.0000 -3.0000
0.0000 -4.0000 3.2500
0.0000 0.0000 4.3750
---
