GY = B:
2.0000 0.0000 0.0000 0.0000 0.6500
0.5000 1.6583 0.0000 0.0000 0.0500
0.5000 -0.7538 1.0871 0.0000 0.0000
0.5000 0.4523 0.0836 1.2403 0.5000
solved Y:
1.0000 0.0000 0.0000 0.0000 0.3250
0.0000 1.0000 0.0000 0.0000 -0.0678
0.0000 0.0000 1.0000 0.0000 -0.1965
0.0000 0.0000 0.0000 1.0000 0.3101
GtX = Y:
2.0000 0.5000 0.5000 0.5000 0.3250
0.0000 1.6583 -0.7538 0.4523 -0.0678
0.0000 0.0000 1.0871 0.0836 -0.1965
0.0000 0.0000 0.0000 1.2403 0.3101
solved X:
1.0000 0.0000 0.0000 0.0000 0.2000
0.0000 1.0000 0.0000 0.0000 -0.2000
0.0000 0.0000 1.0000 0.0000 -0.2000
0.0000 0.0000 0.0000 1.0000 0.2500
---
GY = B:
2.4495 0.0000 0.0000 0.0000 0.0000
0.8165 1.8257 0.0000 0.0000 7.0000
0.4082 0.3651 1.9235 0.0000 -1.0000
-0.4082 0.1826 -0.4679 1.6066 -2.0000
solved Y:
1.0000 0.0000 0.0000 0.0000 0.0000
0.0000 1.0000 0.0000 0.0000 3.8341
0.0000 0.0000 1.0000 0.0000 -1.2477
0.0000 0.0000 0.0000 1.0000 -2.0440
GtX = Y:
2.4495 0.8165 0.4082 -0.4082 0.0000
0.0000 1.8257 0.3651 0.1826 3.8341
0.0000 0.0000 1.9235 -0.4679 -1.2477
0.0000 0.0000 0.0000 1.6066 -2.0440
solved X:
1.0000 0.0000 0.0000 0.0000 -0.8586
0.0000 1.0000 0.0000 0.0000 2.4188
0.0000 0.0000 1.0000 0.0000 -0.9581
0.0000 0.0000 0.0000 1.0000 -1.2723
---
