L:
1.0000 0.0000 0.0000 0.0000
-0.2500 1.0000 0.0000 0.0000
0.7500 2.0000 1.0000 0.0000
-0.2500 0.0000 1.0000 1.0000
D:
16.0000 0.0000 0.0000 0.0000
0.0000 1.0000 0.0000 0.0000
0.0000 0.0000 1.0000 0.0000
0.0000 0.0000 0.0000 81.0000
Lt:
1.0000 -0.2500 0.7500 -0.2500
0.0000 1.0000 2.0000 0.0000
0.0000 0.0000 1.0000 1.0000
0.0000 0.0000 0.0000 1.0000
---
L:
1.0000 0.0000
-0.5000 1.0000
D:
2.0000 0.0000
0.0000 1.5000
Lt:
1.0000 -0.5000
0.0000 1.0000
---
L:
1.0000 0.0000
1.3333 1.0000
D:
3.0000 0.0000
0.0000 -3.3333
Lt:
1.0000 1.3333
0.0000 1.0000
---
L:
1.0000 0.0000 0.0000
0.5000 1.0000 0.0000
0.2500 -1.0000 1.0000
D:
16.0000 0.0000 0.0000
0.0000 2.0000 0.0000
0.0000 0.0000 4.0000
Lt:
1.0000 0.5000 0.2500
0.0000 1.0000 -1.0000
0.0000 0.0000 1.0000
---
L:
1.0000 0.0000 0.0000
0.5000 1.0000 0.0000
0.2500 -1.2500 1.0000
D:
4.0000 0.0000 0.0000
0.0000 2.0000 0.0000
0.0000 0.0000 1.6250
Lt:
1.0000 0.5000 0.2500
0.0000 1.0000 -1.2500
0.0000 0.0000 1.0000
---
