Iteration #1. Epsilon=1.000000
-0.500000 -0.250000 0.000000 0.333333

Iteration #2. Epsilon=0.416000
-0.520833 -0.041667 -0.216667 0.416667

Iteration #3. Epsilon=0.229368
-0.647917 -0.069792 -0.195833 0.565278

Iteration #4. Epsilon=0.110179
-0.672830 0.004340 -0.256597 0.591319

Iteration #5. Epsilon=0.074705
-0.713064 0.001888 -0.251962 0.644589

Iteration #6. Epsilon=0.033859
-0.724610 0.026423 -0.271153 0.655638

Iteration #7. Epsilon=0.024954
-0.738303 0.027274 -0.270765 0.674062

Iteration #8. Epsilon=0.010937
-0.743025 0.035400 -0.277018 0.678781

Iteration #9. Epsilon=0.008515
-0.747800 0.036197 -0.277281 0.685148

Iteration #10. Epsilon=0.003628
-0.749656 0.038917 -0.279350 0.687093

Iteration #11. Epsilon=0.002948
-0.751340 0.039350 -0.279566 0.689308

Iteration #12. Epsilon=0.001224
-0.752056 0.040270 -0.280260 0.690085

Iteration #13. Epsilon=0.001032
-0.752654 0.040470 -0.280374 0.690862

Iteration #14. Epsilon=0.000418
-0.752927 0.040785 -0.280609 0.691166

---
Iteration #1. Epsilon=1.000000
1.500000 -2.000000 1.200000 1.500000 1.500000

Iteration #2. Epsilon=0.381443
1.325000 -1.600000 1.600000 1.675000 2.425000

Iteration #3. Epsilon=0.189041
0.893750 -1.350000 1.810000 1.831250 2.281250

Iteration #4. Epsilon=0.122521
0.814687 -1.084167 1.935000 1.838438 2.169688

Iteration #5. Epsilon=0.050074
0.744870 -1.013750 1.892583 1.916380 2.066224

Iteration #6. Epsilon=0.032634
0.763736 -0.978635 1.901323 1.905926 2.000926

Iteration #7. Epsilon=0.014948
0.769097 -0.985496 1.871603 1.921606 1.988167

Iteration #8. Epsilon=0.006229
0.781431 -0.991963 1.871415 1.913801 1.980247

Iteration #9. Epsilon=0.003418
0.785075 -0.998738 1.864630 1.915221 1.985385

Iteration #10. Epsilon=0.001512
0.787181 -1.001742 1.865839 1.912742 1.986721

Iteration #11. Epsilon=0.001218
0.787295 -1.002867 1.865368 1.912820 1.989145

Iteration #12. Epsilon=0.000342
0.787088 -1.003036 1.866048 1.912449 1.989571

---
