Iteration #1. Epsilon=1.000000
1.000000 0.750000 -0.875000

Iteration #2. Epsilon=0.195122
1.025000 0.950000 -0.987500

Iteration #3. Epsilon=0.040943
1.007500 0.991250 -0.999375

Iteration #4. Epsilon=0.007363
1.001625 0.998625 -1.000125

Iteration #5. Epsilon=0.001325
1.000300 0.999806 -1.000053

Iteration #6. Epsilon=0.000251
1.000049 0.999976 -1.000013

---
Iteration #1. Epsilon=1.000000
-0.500000 -0.125000 -0.125000 0.500000

Iteration #2. Epsilon=0.200000
-0.625000 -0.000000 -0.225000 0.616667

Iteration #3. Epsilon=0.120235
-0.710417 0.025521 -0.260313 0.665417

Iteration #4. Epsilon=0.037131
-0.737812 0.035729 -0.273500 0.682347

Iteration #5. Epsilon=0.013480
-0.747894 0.039185 -0.278211 0.688430

Iteration #6. Epsilon=0.004741
-0.751457 0.040419 -0.279894 0.690590

Iteration #7. Epsilon=0.001686
-0.752726 0.040855 -0.280492 0.691358

Iteration #8. Epsilon=0.000598
-0.753176 0.041010 -0.280705 0.691630

---
Iteration #1. Epsilon=1.000000
1.500000 -2.500000 1.100000 1.525000 2.643750

Iteration #2. Epsilon=0.433865
1.189062 -1.521354 1.862396 1.882526 2.255645

Iteration #3. Epsilon=0.241892
0.850828 -1.035302 1.894363 1.927472 2.009374

Iteration #4. Epsilon=0.034274
0.782891 -0.987019 1.871616 1.916872 1.982195

Iteration #5. Epsilon=0.005662
0.783302 -0.998271 1.866147 1.912794 1.987474

Iteration #6. Epsilon=0.002079
0.786163 -1.002407 1.866070 1.912456 1.989607

Iteration #7. Epsilon=0.000261
0.786683 -1.002719 1.866283 1.912562 1.989790

---
